Determining if the pthread_create exist failed with the following output:
Change Dir: /home/vadim/2018/Robocup/tutorials/2_local-module-creation/mymodule-example/build-desktop/CMakeFiles/CMakeTmp

Run Build Command:"/usr/bin/gmake" "cmTC_b0ab1/fast"
/usr/bin/gmake -f CMakeFiles/cmTC_b0ab1.dir/build.make CMakeFiles/cmTC_b0ab1.dir/build
gmake[1]: Entering directory '/home/vadim/2018/Robocup/tutorials/2_local-module-creation/mymodule-example/build-desktop/CMakeFiles/CMakeTmp'
Building C object CMakeFiles/cmTC_b0ab1.dir/CheckSymbolExists.c.o
/usr/bin/cc    -o CMakeFiles/cmTC_b0ab1.dir/CheckSymbolExists.c.o   -c /home/vadim/2018/Robocup/tutorials/2_local-module-creation/mymodule-example/build-desktop/CMakeFiles/CMakeTmp/CheckSymbolExists.c
Linking C executable cmTC_b0ab1
/usr/bin/cmake -E cmake_link_script CMakeFiles/cmTC_b0ab1.dir/link.txt --verbose=1
/usr/bin/cc      -rdynamic CMakeFiles/cmTC_b0ab1.dir/CheckSymbolExists.c.o  -o cmTC_b0ab1 
CMakeFiles/cmTC_b0ab1.dir/CheckSymbolExists.c.o: In function `main':
CheckSymbolExists.c:(.text+0x1b): undefined reference to `pthread_create'
collect2: error: ld returned 1 exit status
CMakeFiles/cmTC_b0ab1.dir/build.make:97: recipe for target 'cmTC_b0ab1' failed
gmake[1]: *** [cmTC_b0ab1] Error 1
gmake[1]: Leaving directory '/home/vadim/2018/Robocup/tutorials/2_local-module-creation/mymodule-example/build-desktop/CMakeFiles/CMakeTmp'
Makefile:126: recipe for target 'cmTC_b0ab1/fast' failed
gmake: *** [cmTC_b0ab1/fast] Error 2

File /home/vadim/2018/Robocup/tutorials/2_local-module-creation/mymodule-example/build-desktop/CMakeFiles/CMakeTmp/CheckSymbolExists.c:
/* */
#include <pthread.h>

int main(int argc, char** argv)
{
  (void)argv;
#ifndef pthread_create
  return ((int*)(&pthread_create))[argc];
#else
  (void)argc;
  return 0;
#endif
}

Determining if the function pthread_create exists in the pthreads failed with the following output:
Change Dir: /home/vadim/2018/Robocup/tutorials/2_local-module-creation/mymodule-example/build-desktop/CMakeFiles/CMakeTmp

Run Build Command:"/usr/bin/gmake" "cmTC_88b56/fast"
/usr/bin/gmake -f CMakeFiles/cmTC_88b56.dir/build.make CMakeFiles/cmTC_88b56.dir/build
gmake[1]: Entering directory '/home/vadim/2018/Robocup/tutorials/2_local-module-creation/mymodule-example/build-desktop/CMakeFiles/CMakeTmp'
Building C object CMakeFiles/cmTC_88b56.dir/CheckFunctionExists.c.o
/usr/bin/cc   -DCHECK_FUNCTION_EXISTS=pthread_create   -o CMakeFiles/cmTC_88b56.dir/CheckFunctionExists.c.o   -c /usr/share/cmake-3.10/Modules/CheckFunctionExists.c
Linking C executable cmTC_88b56
/usr/bin/cmake -E cmake_link_script CMakeFiles/cmTC_88b56.dir/link.txt --verbose=1
/usr/bin/cc  -DCHECK_FUNCTION_EXISTS=pthread_create    -rdynamic CMakeFiles/cmTC_88b56.dir/CheckFunctionExists.c.o  -o cmTC_88b56 -lpthreads 
/usr/bin/ld: cannot find -lpthreads
collect2: error: ld returned 1 exit status
CMakeFiles/cmTC_88b56.dir/build.make:97: recipe for target 'cmTC_88b56' failed
gmake[1]: *** [cmTC_88b56] Error 1
gmake[1]: Leaving directory '/home/vadim/2018/Robocup/tutorials/2_local-module-creation/mymodule-example/build-desktop/CMakeFiles/CMakeTmp'
Makefile:126: recipe for target 'cmTC_88b56/fast' failed
gmake: *** [cmTC_88b56/fast] Error 2


