Determining if the pthread_create exist failed with the following output:
Change Dir: /home/vadim/2018/Robocup/Communication/module/build-mytoolchain/CMakeFiles/CMakeTmp

Run Build Command:"/usr/bin/gmake" "cmTC_9d7db/fast"
/usr/bin/gmake -f CMakeFiles/cmTC_9d7db.dir/build.make CMakeFiles/cmTC_9d7db.dir/build
gmake[1]: Entering directory '/home/vadim/2018/Robocup/Communication/module/build-mytoolchain/CMakeFiles/CMakeTmp'
Building C object CMakeFiles/cmTC_9d7db.dir/CheckSymbolExists.c.o
/usr/bin/cc    -o CMakeFiles/cmTC_9d7db.dir/CheckSymbolExists.c.o   -c /home/vadim/2018/Robocup/Communication/module/build-mytoolchain/CMakeFiles/CMakeTmp/CheckSymbolExists.c
Linking C executable cmTC_9d7db
/usr/bin/cmake -E cmake_link_script CMakeFiles/cmTC_9d7db.dir/link.txt --verbose=1
/usr/bin/cc      -rdynamic CMakeFiles/cmTC_9d7db.dir/CheckSymbolExists.c.o  -o cmTC_9d7db 
CMakeFiles/cmTC_9d7db.dir/CheckSymbolExists.c.o: In function `main':
CheckSymbolExists.c:(.text+0x1b): undefined reference to `pthread_create'
collect2: error: ld returned 1 exit status
CMakeFiles/cmTC_9d7db.dir/build.make:97: recipe for target 'cmTC_9d7db' failed
gmake[1]: *** [cmTC_9d7db] Error 1
gmake[1]: Leaving directory '/home/vadim/2018/Robocup/Communication/module/build-mytoolchain/CMakeFiles/CMakeTmp'
Makefile:126: recipe for target 'cmTC_9d7db/fast' failed
gmake: *** [cmTC_9d7db/fast] Error 2

File /home/vadim/2018/Robocup/Communication/module/build-mytoolchain/CMakeFiles/CMakeTmp/CheckSymbolExists.c:
/* */
#include <pthread.h>

int main(int argc, char** argv)
{
  (void)argv;
#ifndef pthread_create
  return ((int*)(&pthread_create))[argc];
#else
  (void)argc;
  return 0;
#endif
}

Determining if the function pthread_create exists in the pthreads failed with the following output:
Change Dir: /home/vadim/2018/Robocup/Communication/module/build-mytoolchain/CMakeFiles/CMakeTmp

Run Build Command:"/usr/bin/gmake" "cmTC_25fa8/fast"
/usr/bin/gmake -f CMakeFiles/cmTC_25fa8.dir/build.make CMakeFiles/cmTC_25fa8.dir/build
gmake[1]: Entering directory '/home/vadim/2018/Robocup/Communication/module/build-mytoolchain/CMakeFiles/CMakeTmp'
Building C object CMakeFiles/cmTC_25fa8.dir/CheckFunctionExists.c.o
/usr/bin/cc   -DCHECK_FUNCTION_EXISTS=pthread_create   -o CMakeFiles/cmTC_25fa8.dir/CheckFunctionExists.c.o   -c /usr/share/cmake-3.10/Modules/CheckFunctionExists.c
Linking C executable cmTC_25fa8
/usr/bin/cmake -E cmake_link_script CMakeFiles/cmTC_25fa8.dir/link.txt --verbose=1
/usr/bin/cc  -DCHECK_FUNCTION_EXISTS=pthread_create    -rdynamic CMakeFiles/cmTC_25fa8.dir/CheckFunctionExists.c.o  -o cmTC_25fa8 -lpthreads 
/usr/bin/ld: cannot find -lpthreads
collect2: error: ld returned 1 exit status
CMakeFiles/cmTC_25fa8.dir/build.make:97: recipe for target 'cmTC_25fa8' failed
gmake[1]: *** [cmTC_25fa8] Error 1
gmake[1]: Leaving directory '/home/vadim/2018/Robocup/Communication/module/build-mytoolchain/CMakeFiles/CMakeTmp'
Makefile:126: recipe for target 'cmTC_25fa8/fast' failed
gmake: *** [cmTC_25fa8/fast] Error 2


